Exporter version: 5.5.0, Blender version: 2.79 (sub 0)
========= Conversion from Blender to Babylon.js =========
	Scene settings used:
		selected layers only:  false
		flat shading entire scene:  false
		inline textures:  false
		texture directory:  C:\Users\Ego\Documents\CastleLand\
	Python World class constructor completed
	WARNING: No active camera has been assigned, or is not in a currently selected Blender layer
	processing begun of mesh:  eastern ancient casttle
		processing begun of Standard material:  default_balcony
			Diffuse texture found "Kd.005"
				Image texture found, type:  diffuseTexture, mapped using: "UVMap"
		processing begun of Standard material:  default
			Diffuse texture found "Kd.001"
				Image texture found, type:  diffuseTexture, mapped using: "UVMap"
		processing begun of Standard material:  default_casttle
			Diffuse texture found "Kd.004"
				Image texture found, type:  diffuseTexture, mapped using: "UVMap"
		processing begun of Standard material:  default_roof
			Diffuse texture found "Kd.002"
				Image texture found, type:  diffuseTexture, mapped using: "UVMap"
		processing begun of multimaterial:  CastleLand.Multimaterial#0
		num positions      :  14699
		num normals        :  14699
		num uvs            :  29398
		num uvs2           :  0
		num colors         :  0
		num indices        :  69561
	processing begun of mesh:  Terrain_1
		processing begun of Standard material:  material_1
			Ambient texture found "Ka"
				Image texture found, type:  ambientTexture, mapped using: "UVMap"
			Diffuse texture found "Kd"
				Image texture found, type:  diffuseTexture, mapped using: "UVMap"
			Bump texture found "Bump"
				Image texture found, type:  bumpTexture, mapped using: "UVMap"
		num positions      :  30625
		num normals        :  30625
		num uvs            :  61250
		num uvs2           :  0
		num colors         :  0
		num indices        :  181656
	processing begun of light (HEMI):  Hemi.001
	processing begun of light (HEMI):  Hemi
========= Writing of scene file started =========
========= Writing of scene file completed =========
========= end of processing =========
elapsed time:  0 min, 11.9107 secs
